build/app/outputs/mapping/release/seeds.txt
com.box.project.polio.MainActivity
com.box.project.polio.MainActivity: MainActivity()
...
androidx.core.view.ViewCompat$Api21Impl: void setNestedScrollingEnabled(android.view.View,boolean)
androidx.window.layout.DisplayCompatHelperApi28: DisplayCompatHelperApi28()
androidx.profileinstaller.ProfileInstallerInitializer$Handler28Impl: android.os.Handler createAsync(android.os.Looper)
androidx.media3.common.util.GlUtil$Api17: android.opengl.EGLSurface createEglPbufferSurface(android.opengl.EGLDisplay,int[],int[])
androidx.window.embedding.SplitRuleParser: androidx.window.embedding.SplitPairRule parseSplitPairRule(android.content.Context,android.content.res.XmlResourceParser)
androidx.core.view.DisplayCutoutCompat$Api28Impl: int getSafeInsetBottom(android.view.DisplayCutout)
io.flutter.embedding.engine.renderer.SurfaceTextureWrapper: void release()
androidx.core.app.ActivityCompat$Api32Impl: boolean shouldShowRequestPermissionRationale(android.app.Activity,java.lang.String)
androidx.core.app.ActivityCompat$Api23Impl: void requestPermissions(android.app.Activity,java.lang.String[],int)
androidx.window.layout.ActivityCompatHelperApi24: ActivityCompatHelperApi24()
androidx.window.layout.SidecarCompat: androidx.window.layout.WindowLayoutInfo getWindowLayoutInfo(android.app.Activity)
io.flutter.embedding.engine.renderer.FlutterRenderer$ImageReaderSurfaceProducer: android.view.Surface getSurface()
androidx.core.app.RemoteActionCompatParcelizer: RemoteActionCompatParcelizer()
androidx.window.layout.SidecarCompat$Companion: SidecarCompat$Companion(kotlin.jvm.internal.DefaultConstructorMarker)
androidx.window.layout.SidecarCompat$registerConfigurationChangeListener$configChangeObserver$1: void onConfigurationChanged(android.content.res.Configuration)
androidx.window.java.layout.WindowInfoTrackerCallbackAdapter: kotlinx.coroutines.flow.Flow windowLayoutInfo(android.app.Activity)
androidx.window.layout.SidecarCompat$registerConfigurationChangeListener$configChangeObserver$1: SidecarCompat$registerConfigurationChangeListener$configChangeObserver$1(androidx.window.layout.SidecarCompat,android.app.Activity)
io.flutter.embedding.engine.FlutterJNI: boolean nativeFlutterTextUtilsIsEmojiModifierBase(int)
androidx.lifecycle.ReportFragment$LifecycleCallbacks: void onActivityPostResumed(android.app.Activity)
androidx.lifecycle.Lifecycle$Event: androidx.lifecycle.Lifecycle$Event valueOf(java.lang.String)
io.flutter.embedding.engine.FlutterJNI: void nativeSurfaceWindowChanged(long,android.view.Surface)
androidx.core.view.DisplayCutoutCompat$Api28Impl: int getSafeInsetLeft(android.view.DisplayCutout)
io.flutter.embedding.engine.systemchannels.PlatformChannel$HapticFeedbackType: io.flutter.embedding.engine.systemchannels.PlatformChannel$HapticFeedbackType[] values()
androidx.window.core.Version: androidx.window.core.Version access$getVERSION_1_0$cp()
io.flutter.embedding.engine.renderer.FlutterRenderer$ImageReaderSurfaceProducer: int numImages()
io.flutter.embedding.engine.FlutterJNI: void nativeUpdateRefreshRate(float)
androidx.window.embedding.EmbeddingAdapter: java.util.function.Predicate translateActivityPairPredicates(java.util.Set)
io.flutter.embedding.engine.FlutterJNI: boolean isCodePointVariantSelector(int)
androidx.window.layout.SidecarCompat$TranslatingCallback: SidecarCompat$TranslatingCallback(androidx.window.layout.SidecarCompat)
io.flutter.embedding.engine.mutatorsstack.FlutterMutatorsStack: android.graphics.Matrix getFinalMatrix()
io.flutter.view.AccessibilityBridge$StringAttributeType: io.flutter.view.AccessibilityBridge$StringAttributeType valueOf(java.lang.String)
androidx.media3.exoplayer.mediacodec.MediaCodecPerformancePointCoverageProvider$Api29: int areResolutionAndFrameRateCovered(android.media.MediaCodecInfo$VideoCapabilities,int,int,double)
androidx.window.java.layout.WindowInfoTrackerCallbackAdapter$addListener$1$1: java.lang.Object invoke(kotlinx.coroutines.CoroutineScope,kotlin.coroutines.Continuation)