build/app/outputs/mapping/release/mapping.txt
# compiler: R8
# compiler_version: 3.1.66
# min_api: 21
# pg_map_id: 03bcf2a
# common_typos_disable
# {"id":"com.android.tools.r8.mapping","version":"1.0"}
com.box.project.polio.MainActivity -> com.box.project.polio.MainActivity:
    boolean isEnterKeyDown -> j
...
io.github.ponnamkarthik.toast.fluttertoast.R$drawable -> u4.d:
    int corner -> a
io.github.ponnamkarthik.toast.fluttertoast.R$id -> u4.e:
    int text -> a
io.github.ponnamkarthik.toast.fluttertoast.R$layout -> u4.f:
    int toast_custom -> a
j0.MergingCuesResolver$$ExternalSyntheticLambda0 -> j0.c:
# {"id":"sourceFile","fileName":"R8$$SyntheticClass"}
# {"id":"com.android.tools.r8.synthesized"}
    androidx.media3.exoplayer.text.MergingCuesResolver$$InternalSyntheticLambda$7$b4654bd66bd184200b916137b2f8c7bacbbb13cce8618b32e9160fcec8eb841c$1 androidx.media3.exoplayer.text.MergingCuesResolver$$InternalSyntheticLambda$7$b4654bd66bd184200b916137b2f8c7bacbbb13cce8618b32e9160fcec8eb841c$1.INSTANCE -> e
    void androidx.media3.exoplayer.text.MergingCuesResolver$$InternalSyntheticLambda$7$b4654bd66bd184200b916137b2f8c7bacbbb13cce8618b32e9160fcec8eb841c$1.<clinit>() -> <clinit>
      # {"id":"com.android.tools.r8.synthesized"}
    void androidx.media3.exoplayer.text.MergingCuesResolver$$InternalSyntheticLambda$7$b4654bd66bd184200b916137b2f8c7bacbbb13cce8618b32e9160fcec8eb841c$1.<init>() -> <init>
      # {"id":"com.android.tools.r8.synthesized"}
    java.lang.Object androidx.media3.exoplayer.text.MergingCuesResolver$$InternalSyntheticLambda$7$b4654bd66bd184200b916137b2f8c7bacbbb13cce8618b32e9160fcec8eb841c$1.apply(java.lang.Object) -> apply
      # {"id":"com.android.tools.r8.synthesized"}
j0.MergingCuesResolver$$ExternalSyntheticLambda1 -> j0.d:
# {"id":"sourceFile","fileName":"R8$$SyntheticClass"}
# {"id":"com.android.tools.r8.synthesized"}
    androidx.media3.exoplayer.text.MergingCuesResolver$$InternalSyntheticLambda$7$b4654bd66bd184200b916137b2f8c7bacbbb13cce8618b32e9160fcec8eb841c$0 androidx.media3.exoplayer.text.MergingCuesResolver$$InternalSyntheticLambda$7$b4654bd66bd184200b916137b2f8c7bacbbb13cce8618b32e9160fcec8eb841c$0.INSTANCE -> e
    void androidx.media3.exoplayer.text.MergingCuesResolver$$InternalSyntheticLambda$7$b4654bd66bd184200b916137b2f8c7bacbbb13cce8618b32e9160fcec8eb841c$0.<clinit>() -> <clinit>
      # {"id":"com.android.tools.r8.synthesized"}
    void androidx.media3.exoplayer.text.MergingCuesResolver$$InternalSyntheticLambda$7$b4654bd66bd184200b916137b2f8c7bacbbb13cce8618b32e9160fcec8eb841c$0.<init>() -> <init>
      # {"id":"com.android.tools.r8.synthesized"}
    java.lang.Object androidx.media3.exoplayer.text.MergingCuesResolver$$InternalSyntheticLambda$7$b4654bd66bd184200b916137b2f8c7bacbbb13cce8618b32e9160fcec8eb841c$0.apply(java.lang.Object) -> apply
      # {"id":"com.android.tools.r8.synthesized"}