build/app/outputs/mapping/release/usage.txt
com.box.project.polio.BuildConfig
com.box.project.polio.R$attr
com.box.project.polio.R$color
com.box.project.polio.R$dimen
com.box.project.polio.R$drawable
com.box.project.polio.R$id
com.box.project.polio.R$integer
com.box.project.polio.R$layout
com.box.project.polio.R$mipmap
com.box.project.polio.R$string
com.box.project.polio.R$style
com.box.project.polio.R$styleable
com.box.project.polio.R
...
com.google.android.gms.common.api.internal.zal:
    public void <init>(java.lang.Iterable)
    public final com.google.android.gms.tasks.Task zaa()
com.google.android.gms.common.api.internal.zat
com.google.android.gms.common.api.internal.zau
com.google.android.gms.common.api.internal.zav
com.google.android.gms.common.api.internal.zaw
com.google.android.gms.common.api.internal.zax
com.google.android.gms.common.api.internal.zay
com.google.android.gms.common.api.internal.zaz
com.google.android.gms.common.api.internal.zzb:
    public final boolean isCreated()
    public final boolean isStarted()
com.google.android.gms.common.api.internal.zzd:
    public final boolean isCreated()
    public final boolean isStarted()
com.google.android.gms.common.api.zab
com.google.android.gms.common.api.zac
com.google.android.gms.common.api.zad
com.google.android.gms.common.api.zaf
com.google.android.gms.common.api.zag
com.google.android.gms.common.api.zah
com.google.android.gms.common.config.GservicesValue
com.google.android.gms.common.config.zza
com.google.android.gms.common.config.zzb
com.google.android.gms.common.config.zzc
com.google.android.gms.common.config.zzd
com.google.android.gms.common.config.zze
com.google.android.gms.common.data.AbstractDataBuffer
com.google.android.gms.common.data.BitmapTeleporter
com.google.android.gms.common.data.DataBuffer
com.google.android.gms.common.data.DataBufferIterator
com.google.android.gms.common.data.DataBufferObserver$Observable
com.google.android.gms.common.data.DataBufferObserver
com.google.android.gms.common.data.DataBufferObserverSet
com.google.android.gms.common.data.DataBufferRef
com.google.android.gms.common.data.DataBufferSafeParcelable
com.google.android.gms.common.data.DataBufferUtils
com.google.android.gms.common.data.DataHolder$Builder
com.google.android.gms.common.data.DataHolder
com.google.android.gms.common.data.EntityBuffer
com.google.android.gms.common.data.Freezable
com.google.android.gms.common.data.FreezableUtils
com.google.android.gms.common.data.SingleRefDataBufferIterator
com.google.android.gms.common.data.zaa
com.google.android.gms.common.data.zab
com.google.android.gms.common.data.zac
com.google.android.gms.common.data.zad
com.google.android.gms.common.data.zae
com.google.android.gms.common.data.zaf
com.google.android.gms.common.images.ImageManager$ImageReceiver
com.google.android.gms.common.images.ImageManager$OnImageLoadedListener
com.google.android.gms.common.images.ImageManager
com.google.android.gms.common.images.Size
com.google.android.gms.common.images.WebImage
com.google.android.gms.common.images.zaa
com.google.android.gms.common.images.zab
com.google.android.gms.common.images.zac
com.google.android.gms.common.images.zad
com.google.android.gms.common.images.zae
com.google.android.gms.common.images.zaf
com.google.android.gms.common.images.zag
com.google.android.gms.common.images.zah
com.google.android.gms.common.internal.AccountAccessor:
    public final boolean equals(java.lang.Object)
    public final android.accounts.Account zzb()
com.google.android.gms.common.internal.AccountType
com.google.android.gms.common.internal.ApiExceptionUtil:
    public void <init>()
com.google.android.gms.common.internal.Asserts
com.google.android.gms.common.internal.BaseGmsClient$BaseConnectionCallbacks:
    public static final int CAUSE_DEAD_OBJECT_EXCEPTION
    public static final int CAUSE_SERVICE_DISCONNECTED